<?xml version="1.0" encoding="UTF-8"?>
<!-- Generated by org.testng.reporters.JUnitXMLReporter -->
<testsuite hostname="PUN-5G4T5H2" name="Chat Test" tests="3" failures="1" timestamp="19 Oct 2019 07:08:31 GMT" time="0.047" errors="0">
  <testcase name="test1" time="0.0" classname="BasicTestNGAnnotations.GroupChat">
    <skipped/>
  </testcase> <!-- test1 -->
  <testcase name="test2" time="0.0" classname="BasicTestNGAnnotations.GroupChat">
    <failure type="java.lang.ArithmeticException" message="/ by zero">
      <![CDATA[java.lang.ArithmeticException: / by zero
	at BasicTestNGAnnotations.GroupChat.test2(GroupChat.java:73)
... Removed 25 stack frames]]>
    </failure>
  </testcase> <!-- test2 -->
  <testcase name="test3" time="0.0" classname="BasicTestNGAnnotations.GroupChat"/>
</testsuite> <!-- Chat Test -->
