<?xml version="1.0" encoding="UTF-8"?>
<testng-results skipped="0" failed="0" total="1" passed="1">
  <reporter-output>
  </reporter-output>
  <suite name="Default suite" duration-ms="30475" started-at="2020-02-23T14:20:39Z" finished-at="2020-02-23T14:21:10Z">
    <groups>
    </groups>
    <test name="Default test" duration-ms="30475" started-at="2020-02-23T14:20:39Z" finished-at="2020-02-23T14:21:10Z">
      <class name="prodmigration.Test1">
        <test-method status="PASS" signature="launchBrowser()[pri:0, instance:prodmigration.Test1@7f9a81e8]" name="launchBrowser" duration-ms="30459" started-at="2020-02-23T19:50:39Z" finished-at="2020-02-23T19:51:10Z">
          <reporter-output>
          </reporter-output>
        </test-method> <!-- launchBrowser -->
      </class> <!-- prodmigration.Test1 -->
    </test> <!-- Default test -->
  </suite> <!-- Default suite -->
</testng-results>
