<?xml version="1.0" encoding="UTF-8"?>
<testng-results skipped="0" failed="0" total="1" passed="1">
  <reporter-output>
  </reporter-output>
  <suite name="Default suite" duration-ms="3167" started-at="2019-12-03T07:49:09Z" finished-at="2019-12-03T07:49:13Z">
    <groups>
    </groups>
    <test name="Default test" duration-ms="3167" started-at="2019-12-03T07:49:09Z" finished-at="2019-12-03T07:49:13Z">
      <class name="basicAPITesting.TC_GetEmployeeDetails">
        <test-method status="PASS" signature="test2()[pri:0, instance:basicAPITesting.TC_GetEmployeeDetails@36d4b5c]" name="test2" duration-ms="3144" started-at="2019-12-03T13:19:09Z" finished-at="2019-12-03T13:19:13Z">
          <reporter-output>
          </reporter-output>
        </test-method> <!-- test2 -->
      </class> <!-- basicAPITesting.TC_GetEmployeeDetails -->
    </test> <!-- Default test -->
  </suite> <!-- Default suite -->
</testng-results>
