<?xml version="1.0" encoding="UTF-8"?>
<!-- Generated by org.testng.reporters.JUnitXMLReporter -->
<testsuite hostname="PUN-5G4T5H2" name="Test" tests="2" failures="1" timestamp="26 Dec 2019 10:01:14 GMT" time="16.232" errors="0">
  <testcase name="loginTest" time="9.976" classname="testScripts.LoginTest"/>
  <testcase name="searchSupplier_Test" time="0.004" classname="testScripts.SearchSupplier_TC">
    <failure type="org.testng.TestNGException" message="
Can&amp;apos;t invoke public void testScripts.SearchSupplier_TC.searchSupplier_Test(): either make it static or add a no-args constructor to your class">
      <![CDATA[org.testng.TestNGException: 
Can't invoke public void testScripts.SearchSupplier_TC.searchSupplier_Test(): either make it static or add a no-args constructor to your class
... Removed 22 stack frames]]>
    </failure>
  </testcase> <!-- searchSupplier_Test -->
</testsuite> <!-- Test -->
