<?xml version="1.0" encoding="UTF-8"?>
<!-- Generated by org.testng.reporters.JUnitXMLReporter -->
<testsuite hostname="PUN-5G4T5H2" name="Test" tests="2" failures="1" timestamp="2 Jan 2020 18:12:09 GMT" time="18.709" errors="0">
  <testcase name="loginTest" time="8.725" classname="testSripts.TC_NewTours_LoginSignOff">
    <failure type="java.lang.NullPointerException">
      <![CDATA[java.lang.NullPointerException
	at Pages.HomePage.login(HomePage.java:35)
	at testSripts.TC_NewTours_LoginSignOff.loginTest(TC_NewTours_LoginSignOff.java:51)
... Removed 25 stack frames]]>
    </failure>
  </testcase> <!-- loginTest -->
  <testcase name="onewayTest" time="0.0" classname="testSripts.TC_NewTours_LoginSignOff">
    <skipped/>
  </testcase> <!-- onewayTest -->
</testsuite> <!-- Test -->
